<?xml version="1.0" encoding="UTF-8"?>
<!-- Generated by org.testng.reporters.JUnitXMLReporter -->
<testsuite ignored="0" hostname="Gopichand" failures="0" tests="2" name="Error Validation Test" time="25.498" errors="0" timestamp="2023-06-22T22:47:21 IST">
  <testcase classname="LearningTestAutomation.Tests.errorValidation" name="productError" time="13.602"/>
  <testcase classname="LearningTestAutomation.Tests.errorValidation" name="submitingOrder" time="0.442"/>
</testsuite> <!-- Error Validation Test -->
