<?xml version="1.0" encoding="UTF-8"?>
<testng-results ignored="0" total="1" passed="1" failed="0" skipped="0">
  <reporter-output>
  </reporter-output>
  <suite started-at="2023-06-24T12:37:55 IST" name="Default suite" finished-at="2023-06-24T12:38:28 IST" duration-ms="32145">
    <groups>
    </groups>
    <test started-at="2023-06-24T12:37:55 IST" name="Default test" finished-at="2023-06-24T12:38:28 IST" duration-ms="32145">
      <class name="LearningTestAutomation.Tests.submitOrder">
        <test-method is-config="true" signature="landingApplication()[pri:0, instance:LearningTestAutomation.Tests.submitOrder@2f217633]" started-at="2023-06-24T12:37:55 IST" name="landingApplication" finished-at="2023-06-24T12:38:08 IST" duration-ms="12917" status="PASS">
          <reporter-output>
          </reporter-output>
        </test-method> <!-- landingApplication -->
        <test-method signature="submitingOrder()[pri:0, instance:LearningTestAutomation.Tests.submitOrder@2f217633]" started-at="2023-06-24T12:38:08 IST" name="submitingOrder" finished-at="2023-06-24T12:38:27 IST" duration-ms="18798" status="PASS">
          <reporter-output>
          </reporter-output>
        </test-method> <!-- submitingOrder -->
        <test-method is-config="true" signature="quitThebrowser()[pri:0, instance:LearningTestAutomation.Tests.submitOrder@2f217633]" started-at="2023-06-24T12:38:27 IST" name="quitThebrowser" finished-at="2023-06-24T12:38:28 IST" duration-ms="399" status="PASS">
          <reporter-output>
          </reporter-output>
        </test-method> <!-- quitThebrowser -->
      </class> <!-- LearningTestAutomation.Tests.submitOrder -->
    </test> <!-- Default test -->
  </suite> <!-- Default suite -->
</testng-results>
